{"C:\\projects\\test-task\\frontend\\src\\components\\index.ts": {"path":"C:\\projects\\test-task\\frontend\\src\\components\\index.ts","statementMap":{"0":{"start":{"line":1,"column":0},"end":{"line":1,"column":24}},"1":{"start":{"line":2,"column":0},"end":{"line":2,"column":25}},"2":{"start":{"line":3,"column":0},"end":{"line":3,"column":23}},"3":{"start":{"line":4,"column":0},"end":{"line":4,"column":25}},"4":{"start":{"line":5,"column":0},"end":{"line":5,"column":24}},"5":{"start":{"line":6,"column":0},"end":{"line":6,"column":23}}},"fnMap":{},"branchMap":{},"s":{"0":6,"1":6,"2":6,"3":6,"4":6,"5":6},"f":{},"b":{}}
,"C:\\projects\\test-task\\frontend\\src\\components\\Button\\Button.tsx": {"path":"C:\\projects\\test-task\\frontend\\src\\components\\Button\\Button.tsx","statementMap":{"0":{"start":{"line":2,"column":0},"end":{"line":2,"column":42}},"1":{"start":{"line":3,"column":0},"end":{"line":3,"column":28}},"2":{"start":{"line":9,"column":39},"end":{"line":12,"column":1}},"3":{"start":{"line":9,"column":61},"end":{"line":9,"column":66}},"4":{"start":{"line":9,"column":71},"end":{"line":9,"column":75}},"5":{"start":{"line":10,"column":28},"end":{"line":10,"column":74}},"6":{"start":{"line":11,"column":2},"end":{"line":11,"column":61}},"7":{"start":{"line":9,"column":13},"end":{"line":9,"column":39}}},"fnMap":{"0":{"name":"(anonymous_2)","decl":{"start":{"line":9,"column":39},"end":{"line":9,"column":40}},"loc":{"start":{"line":9,"column":77},"end":{"line":12,"column":1}}}},"branchMap":{"0":{"loc":{"start":{"line":9,"column":42},"end":{"line":9,"column":61}},"type":"default-arg","locations":[{"start":{"line":9,"column":52},"end":{"line":9,"column":61}}]}},"s":{"0":6,"1":6,"2":6,"3":33,"4":33,"5":33,"6":33,"7":6},"f":{"0":33},"b":{"0":[1]}}
,"C:\\projects\\test-task\\frontend\\src\\components\\Button\\index.ts": {"path":"C:\\projects\\test-task\\frontend\\src\\components\\Button\\index.ts","statementMap":{"0":{"start":{"line":1,"column":0},"end":{"line":1,"column":9}},"1":{"start":{"line":1,"column":9},"end":{"line":1,"column":34}}},"fnMap":{"0":{"name":"(anonymous_0)","decl":{"start":{"line":1,"column":9},"end":{"line":1,"column":15}},"loc":{"start":{"line":1,"column":9},"end":{"line":1,"column":34}}}},"branchMap":{},"s":{"0":6,"1":39},"f":{"0":33},"b":{}}
,"C:\\projects\\test-task\\frontend\\src\\components\\Card\\Card.tsx": {"path":"C:\\projects\\test-task\\frontend\\src\\components\\Card\\Card.tsx","statementMap":{"0":{"start":{"line":2,"column":0},"end":{"line":2,"column":40}},"1":{"start":{"line":10,"column":35},"end":{"line":17,"column":1}},"2":{"start":{"line":11,"column":2},"end":{"line":16,"column":4}},"3":{"start":{"line":10,"column":13},"end":{"line":10,"column":35}}},"fnMap":{"0":{"name":"(anonymous_1)","decl":{"start":{"line":10,"column":35},"end":{"line":10,"column":36}},"loc":{"start":{"line":10,"column":65},"end":{"line":17,"column":1}}}},"branchMap":{},"s":{"0":6,"1":6,"2":15,"3":6},"f":{"0":15},"b":{}}
,"C:\\projects\\test-task\\frontend\\src\\components\\Card\\index.ts": {"path":"C:\\projects\\test-task\\frontend\\src\\components\\Card\\index.ts","statementMap":{"0":{"start":{"line":1,"column":0},"end":{"line":1,"column":9}},"1":{"start":{"line":1,"column":9},"end":{"line":1,"column":41}}},"fnMap":{"0":{"name":"(anonymous_0)","decl":{"start":{"line":1,"column":9},"end":{"line":1,"column":13}},"loc":{"start":{"line":1,"column":9},"end":{"line":1,"column":41}}}},"branchMap":{},"s":{"0":6,"1":21},"f":{"0":15},"b":{}}
,"C:\\projects\\test-task\\frontend\\src\\components\\Form\\Form.tsx": {"path":"C:\\projects\\test-task\\frontend\\src\\components\\Form\\Form.tsx","statementMap":{"0":{"start":{"line":2,"column":0},"end":{"line":2,"column":40}},"1":{"start":{"line":4,"column":0},"end":{"line":4,"column":57}},"2":{"start":{"line":5,"column":0},"end":{"line":5,"column":45}},"3":{"start":{"line":15,"column":35},"end":{"line":92,"column":1}},"4":{"start":{"line":26,"column":6},"end":{"line":28,"column":4}},"5":{"start":{"line":30,"column":43},"end":{"line":38,"column":3}},"6":{"start":{"line":31,"column":4},"end":{"line":35,"column":5}},"7":{"start":{"line":32,"column":6},"end":{"line":32,"column":25}},"8":{"start":{"line":33,"column":6},"end":{"line":33,"column":21}},"9":{"start":{"line":34,"column":6},"end":{"line":34,"column":13}},"10":{"start":{"line":36,"column":4},"end":{"line":36,"column":26}},"11":{"start":{"line":37,"column":4},"end":{"line":37,"column":19}},"12":{"start":{"line":40,"column":23},"end":{"line":45,"column":3}},"13":{"start":{"line":41,"column":4},"end":{"line":44,"column":5}},"14":{"start":{"line":42,"column":6},"end":{"line":42,"column":23}},"15":{"start":{"line":43,"column":6},"end":{"line":43,"column":21}},"16":{"start":{"line":47,"column":2},"end":{"line":91,"column":4}},"17":{"start":{"line":77,"column":53},"end":{"line":77,"column":77}},"18":{"start":{"line":15,"column":13},"end":{"line":15,"column":35}}},"fnMap":{"0":{"name":"(anonymous_1)","decl":{"start":{"line":15,"column":35},"end":{"line":15,"column":36}},"loc":{"start":{"line":21,"column":5},"end":{"line":92,"column":1}}},"1":{"name":"(anonymous_2)","decl":{"start":{"line":30,"column":43},"end":{"line":30,"column":44}},"loc":{"start":{"line":30,"column":55},"end":{"line":38,"column":3}}},"2":{"name":"(anonymous_3)","decl":{"start":{"line":40,"column":23},"end":{"line":40,"column":24}},"loc":{"start":{"line":40,"column":39},"end":{"line":45,"column":3}}},"3":{"name":"(anonymous_4)","decl":{"start":{"line":77,"column":47},"end":{"line":77,"column":50}},"loc":{"start":{"line":77,"column":53},"end":{"line":77,"column":77}}}},"branchMap":{"0":{"loc":{"start":{"line":31,"column":4},"end":{"line":35,"column":5}},"type":"if","locations":[{"start":{"line":31,"column":4},"end":{"line":35,"column":5}}]},"1":{"loc":{"start":{"line":41,"column":4},"end":{"line":44,"column":5}},"type":"if","locations":[{"start":{"line":41,"column":4},"end":{"line":44,"column":5}}]},"2":{"loc":{"start":{"line":76,"column":9},"end":{"line":79,"column":null}},"type":"binary-expr","locations":[{"start":{"line":76,"column":9},"end":{"line":76,"column":20}},{"start":{"line":77,"column":10},"end":{"line":77,"column":null}}]},"3":{"loc":{"start":{"line":76,"column":9},"end":{"line":76,"column":20}},"type":"cond-expr","locations":[{"start":{"line":76,"column":16},"end":{"line":76,"column":18}},{"start":{"line":76,"column":9},"end":{"line":76,"column":20}}]},"4":{"loc":{"start":{"line":76,"column":9},"end":{"line":76,"column":18}},"type":"binary-expr","locations":[{"start":{"line":76,"column":9},"end":{"line":76,"column":18}},{"start":{"line":76,"column":9},"end":{"line":76,"column":18}}]}},"s":{"0":6,"1":6,"2":6,"3":6,"4":9,"5":9,"6":3,"7":1,"8":1,"9":1,"10":2,"11":2,"12":9,"13":1,"14":1,"15":1,"16":9,"17":1,"18":6},"f":{"0":9,"1":3,"2":1,"3":1},"b":{"0":[1],"1":[1],"2":[9,3],"3":[6,3],"4":[9,3]}}
,"C:\\projects\\test-task\\frontend\\src\\components\\Form\\index.ts": {"path":"C:\\projects\\test-task\\frontend\\src\\components\\Form\\index.ts","statementMap":{"0":{"start":{"line":1,"column":0},"end":{"line":1,"column":9}},"1":{"start":{"line":1,"column":9},"end":{"line":1,"column":30}}},"fnMap":{"0":{"name":"(anonymous_0)","decl":{"start":{"line":1,"column":9},"end":{"line":1,"column":13}},"loc":{"start":{"line":1,"column":9},"end":{"line":1,"column":30}}}},"branchMap":{},"s":{"0":6,"1":20},"f":{"0":14},"b":{}}
,"C:\\projects\\test-task\\frontend\\src\\components\\Header\\Header.tsx": {"path":"C:\\projects\\test-task\\frontend\\src\\components\\Header\\Header.tsx","statementMap":{"0":{"start":{"line":1,"column":0},"end":{"line":1,"column":42}},"1":{"start":{"line":3,"column":22},"end":{"line":9,"column":1}},"2":{"start":{"line":4,"column":2},"end":{"line":8,"column":4}},"3":{"start":{"line":3,"column":13},"end":{"line":3,"column":22}}},"fnMap":{"0":{"name":"(anonymous_1)","decl":{"start":{"line":3,"column":22},"end":{"line":3,"column":25}},"loc":{"start":{"line":3,"column":27},"end":{"line":9,"column":1}}}},"branchMap":{},"s":{"0":6,"1":6,"2":8,"3":6},"f":{"0":8},"b":{}}
,"C:\\projects\\test-task\\frontend\\src\\components\\Header\\index.ts": {"path":"C:\\projects\\test-task\\frontend\\src\\components\\Header\\index.ts","statementMap":{"0":{"start":{"line":1,"column":0},"end":{"line":1,"column":9}},"1":{"start":{"line":1,"column":9},"end":{"line":1,"column":34}}},"fnMap":{"0":{"name":"(anonymous_0)","decl":{"start":{"line":1,"column":9},"end":{"line":1,"column":15}},"loc":{"start":{"line":1,"column":9},"end":{"line":1,"column":34}}}},"branchMap":{},"s":{"0":6,"1":14},"f":{"0":8},"b":{}}
,"C:\\projects\\test-task\\frontend\\src\\components\\Input\\Input.tsx": {"path":"C:\\projects\\test-task\\frontend\\src\\components\\Input\\Input.tsx","statementMap":{"0":{"start":{"line":1,"column":0},"end":{"line":1,"column":56}},"1":{"start":{"line":2,"column":0},"end":{"line":2,"column":41}},"2":{"start":{"line":4,"column":13},"end":{"line":13,"column":2}},"3":{"start":{"line":5,"column":16},"end":{"line":5,"column":21}},"4":{"start":{"line":5,"column":26},"end":{"line":5,"column":30}},"5":{"start":{"line":6,"column":4},"end":{"line":11,"column":6}}},"fnMap":{"0":{"name":"(anonymous_2)","decl":{"start":{"line":5,"column":2},"end":{"line":5,"column":3}},"loc":{"start":{"line":5,"column":37},"end":{"line":12,"column":3}}}},"branchMap":{},"s":{"0":6,"1":6,"2":6,"3":27,"4":27,"5":27},"f":{"0":27},"b":{}}
,"C:\\projects\\test-task\\frontend\\src\\components\\Input\\index.ts": {"path":"C:\\projects\\test-task\\frontend\\src\\components\\Input\\index.ts","statementMap":{"0":{"start":{"line":1,"column":0},"end":{"line":1,"column":9}},"1":{"start":{"line":1,"column":9},"end":{"line":1,"column":32}}},"fnMap":{"0":{"name":"(anonymous_0)","decl":{"start":{"line":1,"column":9},"end":{"line":1,"column":14}},"loc":{"start":{"line":1,"column":9},"end":{"line":1,"column":32}}}},"branchMap":{},"s":{"0":6,"1":33},"f":{"0":27},"b":{}}
,"C:\\projects\\test-task\\frontend\\src\\components\\Modal\\Modal.tsx": {"path":"C:\\projects\\test-task\\frontend\\src\\components\\Modal\\Modal.tsx","statementMap":{"0":{"start":{"line":1,"column":0},"end":{"line":1,"column":50}},"1":{"start":{"line":2,"column":0},"end":{"line":2,"column":41}},"2":{"start":{"line":3,"column":0},"end":{"line":3,"column":41}},"3":{"start":{"line":6,"column":20},"end":{"line":6,"column":69}},"4":{"start":{"line":8,"column":37},"end":{"line":28,"column":1}},"5":{"start":{"line":9,"column":22},"end":{"line":12,"column":3}},"6":{"start":{"line":10,"column":4},"end":{"line":10,"column":53}},"7":{"start":{"line":10,"column":46},"end":{"line":10,"column":53}},"8":{"start":{"line":11,"column":4},"end":{"line":11,"column":14}},"9":{"start":{"line":14,"column":2},"end":{"line":19,"column":15}},"10":{"start":{"line":15,"column":4},"end":{"line":15,"column":56}},"11":{"start":{"line":15,"column":16},"end":{"line":15,"column":56}},"12":{"start":{"line":16,"column":4},"end":{"line":18,"column":6}},"13":{"start":{"line":17,"column":6},"end":{"line":17,"column":47}},"14":{"start":{"line":21,"column":2},"end":{"line":21,"column":27}},"15":{"start":{"line":21,"column":15},"end":{"line":21,"column":27}},"16":{"start":{"line":22,"column":2},"end":{"line":27,"column":4}},"17":{"start":{"line":8,"column":13},"end":{"line":8,"column":37}}},"fnMap":{"0":{"name":"(anonymous_1)","decl":{"start":{"line":8,"column":37},"end":{"line":8,"column":38}},"loc":{"start":{"line":8,"column":71},"end":{"line":28,"column":1}}},"1":{"name":"(anonymous_2)","decl":{"start":{"line":9,"column":22},"end":{"line":9,"column":23}},"loc":{"start":{"line":9,"column":44},"end":{"line":12,"column":3}}},"2":{"name":"(anonymous_3)","decl":{"start":{"line":14,"column":12},"end":{"line":14,"column":15}},"loc":{"start":{"line":14,"column":17},"end":{"line":19,"column":3}}},"3":{"name":"(anonymous_4)","decl":{"start":{"line":16,"column":11},"end":{"line":16,"column":14}},"loc":{"start":{"line":16,"column":16},"end":{"line":18,"column":5}}}},"branchMap":{"0":{"loc":{"start":{"line":6,"column":20},"end":{"line":6,"column":69}},"type":"binary-expr","locations":[{"start":{"line":6,"column":20},"end":{"line":6,"column":52}},{"start":{"line":6,"column":56},"end":{"line":6,"column":69}}]},"1":{"loc":{"start":{"line":10,"column":4},"end":{"line":10,"column":53}},"type":"if","locations":[{"start":{"line":10,"column":4},"end":{"line":10,"column":53}}]},"2":{"loc":{"start":{"line":15,"column":4},"end":{"line":15,"column":56}},"type":"if","locations":[{"start":{"line":15,"column":4},"end":{"line":15,"column":56}}]},"3":{"loc":{"start":{"line":21,"column":2},"end":{"line":21,"column":27}},"type":"if","locations":[{"start":{"line":21,"column":2},"end":{"line":21,"column":27}}]}},"s":{"0":6,"1":6,"2":6,"3":6,"4":6,"5":10,"6":3,"7":1,"8":2,"9":10,"10":10,"11":5,"12":10,"13":10,"14":10,"15":5,"16":5,"17":6},"f":{"0":10,"1":3,"2":10,"3":10},"b":{"0":[6,6],"1":[1],"2":[5],"3":[5]}}
,"C:\\projects\\test-task\\frontend\\src\\components\\Modal\\index.ts": {"path":"C:\\projects\\test-task\\frontend\\src\\components\\Modal\\index.ts","statementMap":{"0":{"start":{"line":1,"column":0},"end":{"line":1,"column":9}},"1":{"start":{"line":1,"column":9},"end":{"line":1,"column":44}}},"fnMap":{"0":{"name":"(anonymous_0)","decl":{"start":{"line":1,"column":9},"end":{"line":1,"column":14}},"loc":{"start":{"line":1,"column":9},"end":{"line":1,"column":44}}}},"branchMap":{},"s":{"0":6,"1":16},"f":{"0":10},"b":{}}
,"C:\\projects\\test-task\\frontend\\src\\pages\\main-page\\MainPage.tsx": {"path":"C:\\projects\\test-task\\frontend\\src\\pages\\main-page\\MainPage.tsx","statementMap":{"0":{"start":{"line":1,"column":0},"end":{"line":1,"column":44}},"1":{"start":{"line":2,"column":0},"end":{"line":2,"column":65}},"2":{"start":{"line":3,"column":0},"end":{"line":3,"column":33}},"3":{"start":{"line":4,"column":0},"end":{"line":4,"column":89}},"4":{"start":{"line":7,"column":24},"end":{"line":61,"column":1}},"5":{"start":{"line":8,"column":29},"end":{"line":8,"column":42}},"6":{"start":{"line":9,"column":32},"end":{"line":9,"column":44}},"7":{"start":{"line":10,"column":35},"end":{"line":10,"column":50}},"8":{"start":{"line":11,"column":35},"end":{"line":11,"column":50}},"9":{"start":{"line":13,"column":40},"end":{"line":13,"column":55}},"10":{"start":{"line":14,"column":32},"end":{"line":14,"column":62}},"11":{"start":{"line":16,"column":27},"end":{"line":19,"column":3}},"12":{"start":{"line":17,"column":4},"end":{"line":17,"column":21}},"13":{"start":{"line":18,"column":4},"end":{"line":18,"column":26}},"14":{"start":{"line":20,"column":26},"end":{"line":22,"column":3}},"15":{"start":{"line":21,"column":4},"end":{"line":21,"column":25}},"16":{"start":{"line":23,"column":34},"end":{"line":26,"column":3}},"17":{"start":{"line":24,"column":4},"end":{"line":24,"column":24}},"18":{"start":{"line":25,"column":4},"end":{"line":25,"column":25}},"19":{"start":{"line":28,"column":19},"end":{"line":28,"column":42}},"20":{"start":{"line":30,"column":2},"end":{"line":60,"column":4}},"21":{"start":{"line":39,"column":12},"end":{"line":46,"column":14}},"22":{"start":{"line":44,"column":31},"end":{"line":44,"column":63}},"23":{"start":{"line":7,"column":13},"end":{"line":7,"column":24}}},"fnMap":{"0":{"name":"(anonymous_1)","decl":{"start":{"line":7,"column":24},"end":{"line":7,"column":27}},"loc":{"start":{"line":7,"column":29},"end":{"line":61,"column":1}}},"1":{"name":"(anonymous_2)","decl":{"start":{"line":16,"column":27},"end":{"line":16,"column":30}},"loc":{"start":{"line":16,"column":32},"end":{"line":19,"column":3}}},"2":{"name":"(anonymous_3)","decl":{"start":{"line":20,"column":26},"end":{"line":20,"column":29}},"loc":{"start":{"line":20,"column":31},"end":{"line":22,"column":3}}},"3":{"name":"(anonymous_4)","decl":{"start":{"line":23,"column":34},"end":{"line":23,"column":35}},"loc":{"start":{"line":23,"column":55},"end":{"line":26,"column":3}}},"4":{"name":"(anonymous_5)","decl":{"start":{"line":38,"column":25},"end":{"line":38,"column":26}},"loc":{"start":{"line":38,"column":37},"end":{"line":47,"column":11}}},"5":{"name":"(anonymous_6)","decl":{"start":{"line":44,"column":25},"end":{"line":44,"column":28}},"loc":{"start":{"line":44,"column":31},"end":{"line":44,"column":63}}}},"branchMap":{"0":{"loc":{"start":{"line":34,"column":25},"end":{"line":34,"column":64}},"type":"cond-expr","locations":[{"start":{"line":34,"column":36},"end":{"line":34,"column":52}},{"start":{"line":34,"column":55},"end":{"line":34,"column":64}}]},"1":{"loc":{"start":{"line":35,"column":11},"end":{"line":35,"column":72}},"type":"cond-expr","locations":[{"start":{"line":35,"column":22},"end":{"line":35,"column":54}},{"start":{"line":35,"column":57},"end":{"line":35,"column":72}}]},"2":{"loc":{"start":{"line":38,"column":11},"end":{"line":47,"column":12}},"type":"cond-expr","locations":[{"start":{"line":38,"column":19},"end":{"line":38,"column":21}},{"start":{"line":38,"column":11},"end":{"line":47,"column":12}}]},"3":{"loc":{"start":{"line":38,"column":11},"end":{"line":38,"column":21}},"type":"binary-expr","locations":[{"start":{"line":38,"column":11},"end":{"line":38,"column":21}},{"start":{"line":38,"column":11},"end":{"line":38,"column":21}}]}},"s":{"0":1,"1":1,"2":1,"3":1,"4":1,"5":7,"6":7,"7":7,"8":7,"9":7,"10":7,"11":7,"12":1,"13":1,"14":7,"15":1,"16":7,"17":1,"18":1,"19":7,"20":7,"21":14,"22":1,"23":1},"f":{"0":7,"1":1,"2":1,"3":1,"4":14,"5":1},"b":{"0":[1,6],"1":[1,6],"2":[0,7],"3":[7,7]}}
,"C:\\projects\\test-task\\frontend\\src\\pages\\main-page\\index.ts": {"path":"C:\\projects\\test-task\\frontend\\src\\pages\\main-page\\index.ts","statementMap":{"0":{"start":{"line":1,"column":0},"end":{"line":1,"column":9}},"1":{"start":{"line":1,"column":9},"end":{"line":1,"column":38}}},"fnMap":{"0":{"name":"(anonymous_0)","decl":{"start":{"line":1,"column":9},"end":{"line":1,"column":17}},"loc":{"start":{"line":1,"column":9},"end":{"line":1,"column":38}}}},"branchMap":{},"s":{"0":1,"1":5},"f":{"0":4},"b":{}}
}
