TN:
SF:src\components\index.ts
FNF:0
FNH:0
DA:1,6
DA:2,6
DA:3,6
DA:4,6
DA:5,6
DA:6,6
LF:6
LH:6
BRF:0
BRH:0
end_of_record
TN:
SF:src\components\Button\Button.tsx
FN:9,(anonymous_2)
FNF:1
FNH:1
FNDA:33,(anonymous_2)
DA:2,6
DA:3,6
DA:9,33
DA:10,33
DA:11,33
LF:5
LH:5
BRDA:9,0,0,1
BRF:1
BRH:1
end_of_record
TN:
SF:src\components\Button\index.ts
FN:1,(anonymous_0)
FNF:1
FNH:1
FNDA:33,(anonymous_0)
DA:1,39
LF:1
LH:1
BRF:0
BRH:0
end_of_record
TN:
SF:src\components\Card\Card.tsx
FN:10,(anonymous_1)
FNF:1
FNH:1
FNDA:15,(anonymous_1)
DA:2,6
DA:10,6
DA:11,15
LF:3
LH:3
BRF:0
BRH:0
end_of_record
TN:
SF:src\components\Card\index.ts
FN:1,(anonymous_0)
FNF:1
FNH:1
FNDA:15,(anonymous_0)
DA:1,21
LF:1
LH:1
BRF:0
BRH:0
end_of_record
TN:
SF:src\components\Form\Form.tsx
FN:15,(anonymous_1)
FN:30,(anonymous_2)
FN:40,(anonymous_3)
FN:77,(anonymous_4)
FNF:4
FNH:4
FNDA:9,(anonymous_1)
FNDA:3,(anonymous_2)
FNDA:1,(anonymous_3)
FNDA:1,(anonymous_4)
DA:2,6
DA:4,6
DA:5,6
DA:15,6
DA:26,9
DA:30,9
DA:31,3
DA:32,1
DA:33,1
DA:34,1
DA:36,2
DA:37,2
DA:40,9
DA:41,1
DA:42,1
DA:43,1
DA:47,9
DA:77,1
LF:18
LH:18
BRDA:31,0,0,1
BRDA:41,1,0,1
BRDA:76,2,0,9
BRDA:76,2,1,3
BRDA:76,3,0,6
BRDA:76,3,1,3
BRDA:76,4,0,9
BRDA:76,4,1,3
BRF:8
BRH:8
end_of_record
TN:
SF:src\components\Form\index.ts
FN:1,(anonymous_0)
FNF:1
FNH:1
FNDA:14,(anonymous_0)
DA:1,20
LF:1
LH:1
BRF:0
BRH:0
end_of_record
TN:
SF:src\components\Header\Header.tsx
FN:3,(anonymous_1)
FNF:1
FNH:1
FNDA:8,(anonymous_1)
DA:1,6
DA:3,6
DA:4,8
LF:3
LH:3
BRF:0
BRH:0
end_of_record
TN:
SF:src\components\Header\index.ts
FN:1,(anonymous_0)
FNF:1
FNH:1
FNDA:8,(anonymous_0)
DA:1,14
LF:1
LH:1
BRF:0
BRH:0
end_of_record
TN:
SF:src\components\Input\Input.tsx
FN:5,(anonymous_2)
FNF:1
FNH:1
FNDA:27,(anonymous_2)
DA:1,6
DA:2,6
DA:4,6
DA:5,27
DA:6,27
LF:5
LH:5
BRF:0
BRH:0
end_of_record
TN:
SF:src\components\Input\index.ts
FN:1,(anonymous_0)
FNF:1
FNH:1
FNDA:27,(anonymous_0)
DA:1,33
LF:1
LH:1
BRF:0
BRH:0
end_of_record
TN:
SF:src\components\Modal\Modal.tsx
FN:8,(anonymous_1)
FN:9,(anonymous_2)
FN:14,(anonymous_3)
FN:16,(anonymous_4)
FNF:4
FNH:4
FNDA:10,(anonymous_1)
FNDA:3,(anonymous_2)
FNDA:10,(anonymous_3)
FNDA:10,(anonymous_4)
DA:1,6
DA:2,6
DA:3,6
DA:6,6
DA:8,6
DA:9,10
DA:10,3
DA:11,2
DA:14,10
DA:15,10
DA:16,10
DA:17,10
DA:21,10
DA:22,5
LF:14
LH:14
BRDA:6,0,0,6
BRDA:6,0,1,6
BRDA:10,1,0,1
BRDA:15,2,0,5
BRDA:21,3,0,5
BRF:5
BRH:5
end_of_record
TN:
SF:src\components\Modal\index.ts
FN:1,(anonymous_0)
FNF:1
FNH:1
FNDA:10,(anonymous_0)
DA:1,16
LF:1
LH:1
BRF:0
BRH:0
end_of_record
TN:
SF:src\pages\main-page\MainPage.tsx
FN:7,(anonymous_1)
FN:16,(anonymous_2)
FN:20,(anonymous_3)
FN:23,(anonymous_4)
FN:38,(anonymous_5)
FN:44,(anonymous_6)
FNF:6
FNH:6
FNDA:7,(anonymous_1)
FNDA:1,(anonymous_2)
FNDA:1,(anonymous_3)
FNDA:1,(anonymous_4)
FNDA:14,(anonymous_5)
FNDA:1,(anonymous_6)
DA:1,1
DA:2,1
DA:3,1
DA:4,1
DA:7,1
DA:8,7
DA:9,7
DA:10,7
DA:11,7
DA:13,7
DA:14,7
DA:16,7
DA:17,1
DA:18,1
DA:20,7
DA:21,1
DA:23,7
DA:24,1
DA:25,1
DA:28,7
DA:30,7
DA:39,14
DA:44,1
LF:23
LH:23
BRDA:34,0,0,1
BRDA:34,0,1,6
BRDA:35,1,0,1
BRDA:35,1,1,6
BRDA:38,2,0,0
BRDA:38,2,1,7
BRDA:38,3,0,7
BRDA:38,3,1,7
BRF:8
BRH:7
end_of_record
TN:
SF:src\pages\main-page\index.ts
FN:1,(anonymous_0)
FNF:1
FNH:1
FNDA:4,(anonymous_0)
DA:1,5
LF:1
LH:1
BRF:0
BRH:0
end_of_record
